Arguments: 
  /usr/local/bin/node /usr/local/bin/yarn add -D @babel/preset-env

PATH: 
  /usr/local/bin:/usr/bin:/bin:/usr/sbin:/sbin

Yarn version: 
  1.22.4

Node version: 
  12.18.3

Platform: 
  darwin x64

Trace: 
  Error: ENOENT: no such file or directory, lstat '/Users/xucongye/interview/cy-feedback/node_modules/@typescript-eslint/experimental-utils/node_modules/eslint-utils/node_modules/.bin'

npm manifest: 
  {
      "name": "cy-feedback",
      "version": "1.0.0",
      "description": "",
      "main": "index.js",
      "scripts": {
          "start": "cross-env NODE_ENV=development node ./scripts/dev.js",
          "test": "echo \"Error: no test specified\" && exit 1"
      },
      "author": "",
      "license": "ISC",
      "devDependencies": {
          "@babel/core": "^7.14.3",
          "@typescript-eslint/eslint-plugin": "^4.26.0",
          "@typescript-eslint/parser": "^4.26.0",
          "cross-env": "^7.0.3",
          "css-loader": "^5.2.6",
          "eslint": "^7.27.0",
          "eslint-config-prettier": "^8.3.0",
          "eslint-plugin-prettier": "^3.4.0",
          "friendly-errors-webpack-plugin": "^1.7.0",
          "html-webpack-plugin": "^5.3.1",
          "mocha": "^8.4.0",
          "prettier": "^2.3.0",
          "style-loader": "^2.0.0",
          "ts-loader": "^9.2.2",
          "typescript": "^4.3.2",
          "webpack": "^5.38.1",
          "webpack-chain": "^6.5.1",
          "webpack-cli": "^4.7.0",
          "webpack-dev-server": "^3.11.2",
          "webpackbar": "^5.0.0-3"
      },
      "dependencies": {
          "@babel/runtime": "^7.14.0",
          "@babel/runtime-corejs3": "^7.14.0",
          "less": "^4.1.1",
          "less-loader": "^9.0.0"
      }
  }

yarn manifest: 
  No manifest

Lockfile: 
  No lockfile
